  [1m[35m (168.3ms)[0m  [1m[35mCREATE DATABASE "scaffold_app_development" ENCODING = 'unicode'[0m
  [1m[35m (57.6ms)[0m  [1m[35mCREATE DATABASE "scaffold_app_test" ENCODING = 'unicode'[0m
Started GET "/" for ::1 at 2022-09-04 13:45:49 +0900
Processing by Rails::WelcomeController#index as HTML
  Rendering /Users/sobao/.rbenv/versions/3.0.4/lib/ruby/gems/3.0.0/gems/railties-7.0.3.1/lib/rails/templates/rails/welcome/index.html.erb
  Rendered /Users/sobao/.rbenv/versions/3.0.4/lib/ruby/gems/3.0.0/gems/railties-7.0.3.1/lib/rails/templates/rails/welcome/index.html.erb (Duration: 1.4ms | Allocations: 859)
Completed 200 OK in 10ms (Views: 4.0ms | ActiveRecord: 0.0ms | Allocations: 7884)


  [1m[35m (7.5ms)[0m  [1m[35mCREATE TABLE "schema_migrations" ("version" character varying NOT NULL PRIMARY KEY)[0m
  [1m[35m (3.4ms)[0m  [1m[35mCREATE TABLE "ar_internal_metadata" ("key" character varying NOT NULL PRIMARY KEY, "value" character varying, "created_at" timestamp(6) NOT NULL, "updated_at" timestamp(6) NOT NULL)[0m
  [1m[35m (0.2ms)[0m  [1m[34mSELECT pg_try_advisory_lock(5413380564599449890)[0m
  [1m[36mActiveRecord::SchemaMigration Pluck (0.6ms)[0m  [1m[34mSELECT "schema_migrations"."version" FROM "schema_migrations" ORDER BY "schema_migrations"."version" ASC[0m
Migrating to CreateUsers (20220904044653)
  [1m[36mTRANSACTION (0.1ms)[0m  [1m[35mBEGIN[0m
  [1m[35m (7.7ms)[0m  [1m[35mCREATE TABLE "users" ("id" bigserial primary key, "name" character varying, "address" character varying, "age" integer, "created_at" timestamp(6) NOT NULL, "updated_at" timestamp(6) NOT NULL)[0m
  [1m[36mActiveRecord::SchemaMigration Create (0.4ms)[0m  [1m[32mINSERT INTO "schema_migrations" ("version") VALUES ($1) RETURNING "version"[0m  [["version", "20220904044653"]]
  [1m[36mTRANSACTION (0.3ms)[0m  [1m[35mCOMMIT[0m
  [1m[36mActiveRecord::InternalMetadata Load (0.2ms)[0m  [1m[34mSELECT "ar_internal_metadata".* FROM "ar_internal_metadata" WHERE "ar_internal_metadata"."key" = $1 LIMIT $2[0m  [["key", "environment"], ["LIMIT", 1]]
  [1m[36mTRANSACTION (0.1ms)[0m  [1m[35mBEGIN[0m
  [1m[36mActiveRecord::InternalMetadata Create (0.4ms)[0m  [1m[32mINSERT INTO "ar_internal_metadata" ("key", "value", "created_at", "updated_at") VALUES ($1, $2, $3, $4) RETURNING "key"[0m  [["key", "environment"], ["value", "development"], ["created_at", "2022-09-04 04:47:18.981360"], ["updated_at", "2022-09-04 04:47:18.981360"]]
  [1m[36mTRANSACTION (0.2ms)[0m  [1m[35mCOMMIT[0m
  [1m[35m (0.2ms)[0m  [1m[34mSELECT pg_advisory_unlock(5413380564599449890)[0m
  [1m[36mActiveRecord::SchemaMigration Pluck (0.6ms)[0m  [1m[34mSELECT "schema_migrations"."version" FROM "schema_migrations" ORDER BY "schema_migrations"."version" ASC[0m
Started GET "/rest/information_messages?client=web" for ::1 at 2022-09-04 13:47:41 +0900
  [1m[36mActiveRecord::SchemaMigration Pluck (0.5ms)[0m  [1m[34mSELECT "schema_migrations"."version" FROM "schema_migrations" ORDER BY "schema_migrations"."version" ASC[0m
  
ActionController::RoutingError (No route matches [GET] "/rest/information_messages"):
  
Started GET "/" for ::1 at 2022-09-04 13:47:43 +0900
Processing by Rails::WelcomeController#index as HTML
  Rendering /Users/sobao/.rbenv/versions/3.0.4/lib/ruby/gems/3.0.0/gems/railties-7.0.3.1/lib/rails/templates/rails/welcome/index.html.erb
  Rendered /Users/sobao/.rbenv/versions/3.0.4/lib/ruby/gems/3.0.0/gems/railties-7.0.3.1/lib/rails/templates/rails/welcome/index.html.erb (Duration: 0.5ms | Allocations: 418)
Completed 200 OK in 4ms (Views: 1.1ms | ActiveRecord: 0.0ms | Allocations: 4159)


Started GET "/" for ::1 at 2022-09-04 13:47:44 +0900
Processing by Rails::WelcomeController#index as HTML
  Rendering /Users/sobao/.rbenv/versions/3.0.4/lib/ruby/gems/3.0.0/gems/railties-7.0.3.1/lib/rails/templates/rails/welcome/index.html.erb
  Rendered /Users/sobao/.rbenv/versions/3.0.4/lib/ruby/gems/3.0.0/gems/railties-7.0.3.1/lib/rails/templates/rails/welcome/index.html.erb (Duration: 1.7ms | Allocations: 413)
Completed 200 OK in 8ms (Views: 4.6ms | ActiveRecord: 0.0ms | Allocations: 1440)


Started GET "/" for ::1 at 2022-09-04 13:47:45 +0900
Processing by Rails::WelcomeController#index as HTML
  Rendering /Users/sobao/.rbenv/versions/3.0.4/lib/ruby/gems/3.0.0/gems/railties-7.0.3.1/lib/rails/templates/rails/welcome/index.html.erb
  Rendered /Users/sobao/.rbenv/versions/3.0.4/lib/ruby/gems/3.0.0/gems/railties-7.0.3.1/lib/rails/templates/rails/welcome/index.html.erb (Duration: 0.2ms | Allocations: 23)
Completed 200 OK in 5ms (Views: 2.4ms | ActiveRecord: 0.0ms | Allocations: 316)


Started GET "/" for ::1 at 2022-09-04 13:47:46 +0900
Processing by Rails::WelcomeController#index as HTML
  Rendering /Users/sobao/.rbenv/versions/3.0.4/lib/ruby/gems/3.0.0/gems/railties-7.0.3.1/lib/rails/templates/rails/welcome/index.html.erb
  Rendered /Users/sobao/.rbenv/versions/3.0.4/lib/ruby/gems/3.0.0/gems/railties-7.0.3.1/lib/rails/templates/rails/welcome/index.html.erb (Duration: 0.2ms | Allocations: 24)
Completed 200 OK in 3ms (Views: 1.0ms | ActiveRecord: 0.0ms | Allocations: 300)


Started GET "/rest/information_messages?client=web" for ::1 at 2022-09-04 13:48:43 +0900
Started OPTIONS "/rest/information_messages?client=web" for ::1 at 2022-09-04 13:48:43 +0900
  
ActionController::RoutingError (No route matches [GET] "/rest/information_messages"):
  
  
ActionController::RoutingError (No route matches [OPTIONS] "/rest/information_messages"):
  
Started GET "/" for ::1 at 2022-09-04 13:48:56 +0900
Processing by Rails::WelcomeController#index as HTML
  Rendering /Users/sobao/.rbenv/versions/3.0.4/lib/ruby/gems/3.0.0/gems/railties-7.0.3.1/lib/rails/templates/rails/welcome/index.html.erb
  Rendered /Users/sobao/.rbenv/versions/3.0.4/lib/ruby/gems/3.0.0/gems/railties-7.0.3.1/lib/rails/templates/rails/welcome/index.html.erb (Duration: 0.1ms | Allocations: 23)
Completed 200 OK in 1ms (Views: 0.5ms | ActiveRecord: 0.0ms | Allocations: 293)


Started GET "/" for ::1 at 2022-09-04 13:48:56 +0900
Processing by Rails::WelcomeController#index as HTML
  Rendering /Users/sobao/.rbenv/versions/3.0.4/lib/ruby/gems/3.0.0/gems/railties-7.0.3.1/lib/rails/templates/rails/welcome/index.html.erb
  Rendered /Users/sobao/.rbenv/versions/3.0.4/lib/ruby/gems/3.0.0/gems/railties-7.0.3.1/lib/rails/templates/rails/welcome/index.html.erb (Duration: 0.1ms | Allocations: 23)
Completed 200 OK in 4ms (Views: 0.8ms | ActiveRecord: 0.0ms | Allocations: 294)


Started GET "/user" for ::1 at 2022-09-04 13:49:03 +0900
  
ActionController::RoutingError (No route matches [GET] "/user"):
  
Started GET "/users" for ::1 at 2022-09-04 13:49:11 +0900
Processing by UsersController#index as HTML
  Rendering layout layouts/application.html.erb
  Rendering users/index.html.erb within layouts/application
  [1m[36mUser Load (1.3ms)[0m  [1m[34mSELECT "users".* FROM "users"[0m
  â†³ app/views/users/index.html.erb:6
  Rendered users/index.html.erb within layouts/application (Duration: 3.4ms | Allocations: 1349)
  Rendered layout layouts/application.html.erb (Duration: 156.0ms | Allocations: 98992)
Completed 200 OK in 160ms (Views: 156.0ms | ActiveRecord: 1.2ms | Allocations: 101061)


Started GET "/users/new" for ::1 at 2022-09-04 13:49:13 +0900
Processing by UsersController#new as HTML
  Rendering layout layouts/application.html.erb
  Rendering users/new.html.erb within layouts/application
  Rendered users/_form.html.erb (Duration: 15.2ms | Allocations: 5374)
  Rendered users/new.html.erb within layouts/application (Duration: 16.3ms | Allocations: 5755)
  Rendered layout layouts/application.html.erb (Duration: 18.9ms | Allocations: 8094)
Completed 200 OK in 35ms (Views: 19.7ms | ActiveRecord: 5.6ms | Allocations: 13668)


Started POST "/users" for ::1 at 2022-09-04 13:49:34 +0900
Processing by UsersController#create as TURBO_STREAM
  Parameters: {"authenticity_token"=>"[FILTERED]", "user"=>{"name"=>"ãŸã‚ã†", "address"=>"ã¨ã†ãã‚‡ã†", "age"=>""}, "commit"=>"Create User"}
  [1m[36mTRANSACTION (0.2ms)[0m  [1m[35mBEGIN[0m
  â†³ app/controllers/users_controller.rb:27:in `block in create'
  [1m[36mUser Create (1.5ms)[0m  [1m[32mINSERT INTO "users" ("name", "address", "age", "created_at", "updated_at") VALUES ($1, $2, $3, $4, $5) RETURNING "id"[0m  [["name", "ãŸã‚ã†"], ["address", "ã¨ã†ãã‚‡ã†"], ["age", nil], ["created_at", "2022-09-04 04:49:35.009589"], ["updated_at", "2022-09-04 04:49:35.009589"]]
  â†³ app/controllers/users_controller.rb:27:in `block in create'
  [1m[36mTRANSACTION (0.5ms)[0m  [1m[35mCOMMIT[0m
  â†³ app/controllers/users_controller.rb:27:in `block in create'
Redirected to http://localhost:3000/users/1
Completed 302 Found in 22ms (ActiveRecord: 2.2ms | Allocations: 3841)


Started GET "/users/1" for ::1 at 2022-09-04 13:49:35 +0900
Processing by UsersController#show as TURBO_STREAM
  Parameters: {"id"=>"1"}
  [1m[36mUser Load (0.6ms)[0m  [1m[34mSELECT "users".* FROM "users" WHERE "users"."id" = $1 LIMIT $2[0m  [["id", 1], ["LIMIT", 1]]
  â†³ app/controllers/users_controller.rb:63:in `set_user'
  Rendering layout layouts/application.html.erb
  Rendering users/show.html.erb within layouts/application
  Rendered users/_user.html.erb (Duration: 0.4ms | Allocations: 287)
  Rendered users/show.html.erb within layouts/application (Duration: 13.3ms | Allocations: 1782)
  Rendered layout layouts/application.html.erb (Duration: 15.1ms | Allocations: 4114)
Completed 200 OK in 27ms (Views: 15.5ms | ActiveRecord: 6.8ms | Allocations: 7310)


Started GET "/users/1/edit" for ::1 at 2022-09-04 13:49:46 +0900
Processing by UsersController#edit as HTML
  Parameters: {"id"=>"1"}
  [1m[36mUser Load (0.6ms)[0m  [1m[34mSELECT "users".* FROM "users" WHERE "users"."id" = $1 LIMIT $2[0m  [["id", 1], ["LIMIT", 1]]
  â†³ app/controllers/users_controller.rb:63:in `set_user'
  Rendering layout layouts/application.html.erb
  Rendering users/edit.html.erb within layouts/application
  Rendered users/_form.html.erb (Duration: 2.5ms | Allocations: 1479)
  Rendered users/edit.html.erb within layouts/application (Duration: 3.7ms | Allocations: 1796)
  Rendered layout layouts/application.html.erb (Duration: 6.7ms | Allocations: 4012)
Completed 200 OK in 12ms (Views: 7.2ms | ActiveRecord: 0.6ms | Allocations: 5015)


Started PATCH "/users/1" for ::1 at 2022-09-04 13:49:49 +0900
Processing by UsersController#update as TURBO_STREAM
  Parameters: {"authenticity_token"=>"[FILTERED]", "user"=>{"name"=>"ãŸã‚ã†", "address"=>"ã¨ã†ãã‚‡ã†", "age"=>"1"}, "commit"=>"Update User", "id"=>"1"}
  [1m[36mUser Load (0.5ms)[0m  [1m[34mSELECT "users".* FROM "users" WHERE "users"."id" = $1 LIMIT $2[0m  [["id", 1], ["LIMIT", 1]]
  â†³ app/controllers/users_controller.rb:63:in `set_user'
  [1m[36mTRANSACTION (0.1ms)[0m  [1m[35mBEGIN[0m
  â†³ app/controllers/users_controller.rb:40:in `block in update'
  [1m[36mUser Update (1.9ms)[0m  [1m[33mUPDATE "users" SET "age" = $1, "updated_at" = $2 WHERE "users"."id" = $3[0m  [["age", 1], ["updated_at", "2022-09-04 04:49:49.546623"], ["id", 1]]
  â†³ app/controllers/users_controller.rb:40:in `block in update'
  [1m[36mTRANSACTION (0.4ms)[0m  [1m[35mCOMMIT[0m
  â†³ app/controllers/users_controller.rb:40:in `block in update'
Redirected to http://localhost:3000/users/1
Completed 302 Found in 12ms (ActiveRecord: 3.0ms | Allocations: 3141)


Started GET "/users/1" for ::1 at 2022-09-04 13:49:49 +0900
Processing by UsersController#show as TURBO_STREAM
  Parameters: {"id"=>"1"}
  [1m[36mUser Load (0.2ms)[0m  [1m[34mSELECT "users".* FROM "users" WHERE "users"."id" = $1 LIMIT $2[0m  [["id", 1], ["LIMIT", 1]]
  â†³ app/controllers/users_controller.rb:63:in `set_user'
  Rendering layout layouts/application.html.erb
  Rendering users/show.html.erb within layouts/application
  Rendered users/_user.html.erb (Duration: 0.1ms | Allocations: 25)
  Rendered users/show.html.erb within layouts/application (Duration: 1.3ms | Allocations: 615)
  Rendered layout layouts/application.html.erb (Duration: 4.5ms | Allocations: 2829)
Completed 200 OK in 7ms (Views: 5.1ms | ActiveRecord: 0.2ms | Allocations: 3670)


Started GET "/users" for ::1 at 2022-09-04 13:49:51 +0900
Processing by UsersController#index as HTML
  Rendering layout layouts/application.html.erb
  Rendering users/index.html.erb within layouts/application
  [1m[36mUser Load (0.6ms)[0m  [1m[34mSELECT "users".* FROM "users"[0m
  â†³ app/views/users/index.html.erb:6
  Rendered users/_user.html.erb (Duration: 0.1ms | Allocations: 25)
  Rendered users/index.html.erb within layouts/application (Duration: 5.3ms | Allocations: 982)
  Rendered layout layouts/application.html.erb (Duration: 8.5ms | Allocations: 3217)
Completed 200 OK in 11ms (Views: 9.1ms | ActiveRecord: 0.6ms | Allocations: 3560)


Started GET "/users/1" for ::1 at 2022-09-04 13:49:53 +0900
Processing by UsersController#show as HTML
  Parameters: {"id"=>"1"}
  [1m[36mUser Load (0.7ms)[0m  [1m[34mSELECT "users".* FROM "users" WHERE "users"."id" = $1 LIMIT $2[0m  [["id", 1], ["LIMIT", 1]]
  â†³ app/controllers/users_controller.rb:63:in `set_user'
  Rendering layout layouts/application.html.erb
  Rendering users/show.html.erb within layouts/application
  Rendered users/_user.html.erb (Duration: 0.2ms | Allocations: 25)
  Rendered users/show.html.erb within layouts/application (Duration: 2.8ms | Allocations: 601)
  Rendered layout layouts/application.html.erb (Duration: 6.8ms | Allocations: 2815)
Completed 200 OK in 17ms (Views: 8.5ms | ActiveRecord: 0.7ms | Allocations: 3657)


Started DELETE "/users/1" for ::1 at 2022-09-04 13:49:54 +0900
Processing by UsersController#destroy as TURBO_STREAM
  Parameters: {"authenticity_token"=>"[FILTERED]", "id"=>"1"}
  [1m[36mUser Load (0.6ms)[0m  [1m[34mSELECT "users".* FROM "users" WHERE "users"."id" = $1 LIMIT $2[0m  [["id", 1], ["LIMIT", 1]]
  â†³ app/controllers/users_controller.rb:63:in `set_user'
  [1m[36mTRANSACTION (0.2ms)[0m  [1m[35mBEGIN[0m
  â†³ app/controllers/users_controller.rb:52:in `destroy'
  [1m[36mUser Destroy (0.5ms)[0m  [1m[31mDELETE FROM "users" WHERE "users"."id" = $1[0m  [["id", 1]]
  â†³ app/controllers/users_controller.rb:52:in `destroy'
  [1m[36mTRANSACTION (1.1ms)[0m  [1m[35mCOMMIT[0m
  â†³ app/controllers/users_controller.rb:52:in `destroy'
Redirected to http://localhost:3000/users
Completed 302 Found in 9ms (ActiveRecord: 2.3ms | Allocations: 2531)


Started GET "/users" for ::1 at 2022-09-04 13:49:54 +0900
Processing by UsersController#index as TURBO_STREAM
  Rendering layout layouts/application.html.erb
  Rendering users/index.html.erb within layouts/application
  [1m[36mUser Load (0.3ms)[0m  [1m[34mSELECT "users".* FROM "users"[0m
  â†³ app/views/users/index.html.erb:6
  Rendered users/index.html.erb within layouts/application (Duration: 1.4ms | Allocations: 843)
  Rendered layout layouts/application.html.erb (Duration: 3.6ms | Allocations: 3078)
Completed 200 OK in 4ms (Views: 3.6ms | ActiveRecord: 0.3ms | Allocations: 3422)


Started GET "/users/new" for ::1 at 2022-09-04 13:49:55 +0900
Processing by UsersController#new as HTML
  Rendering layout layouts/application.html.erb
  Rendering users/new.html.erb within layouts/application
  Rendered users/_form.html.erb (Duration: 4.4ms | Allocations: 1260)
  Rendered users/new.html.erb within layouts/application (Duration: 5.1ms | Allocations: 1364)
  Rendered layout layouts/application.html.erb (Duration: 10.8ms | Allocations: 3586)
Completed 200 OK in 14ms (Views: 11.9ms | ActiveRecord: 0.0ms | Allocations: 3933)


Started GET "/users" for ::1 at 2022-09-04 13:49:56 +0900
Processing by UsersController#index as HTML
  Rendering layout layouts/application.html.erb
  Rendering users/index.html.erb within layouts/application
  [1m[36mUser Load (0.3ms)[0m  [1m[34mSELECT "users".* FROM "users"[0m
  â†³ app/views/users/index.html.erb:6
  Rendered users/index.html.erb within layouts/application (Duration: 3.3ms | Allocations: 785)
  Rendered layout layouts/application.html.erb (Duration: 8.2ms | Allocations: 3020)
Completed 200 OK in 10ms (Views: 8.7ms | ActiveRecord: 0.3ms | Allocations: 3360)


Started GET "/users/new" for ::1 at 2022-09-04 13:49:58 +0900
Processing by UsersController#new as HTML
  Rendering layout layouts/application.html.erb
  Rendering users/new.html.erb within layouts/application
  Rendered users/_form.html.erb (Duration: 2.0ms | Allocations: 1278)
  Rendered users/new.html.erb within layouts/application (Duration: 2.2ms | Allocations: 1382)
  Rendered layout layouts/application.html.erb (Duration: 5.6ms | Allocations: 3604)
Completed 200 OK in 8ms (Views: 6.8ms | ActiveRecord: 0.0ms | Allocations: 3947)


Started GET "/rest/information_messages?client=web" for ::1 at 2022-09-04 13:50:05 +0900
  
ActionController::RoutingError (No route matches [GET] "/rest/information_messages"):
  
Started POST "/users" for ::1 at 2022-09-04 13:50:08 +0900
Processing by UsersController#create as TURBO_STREAM
  Parameters: {"authenticity_token"=>"[FILTERED]", "user"=>{"name"=>"ã‚", "address"=>"ã‚", "age"=>"2"}, "commit"=>"Create User"}
  [1m[36mTRANSACTION (0.4ms)[0m  [1m[35mBEGIN[0m
  â†³ app/controllers/users_controller.rb:27:in `block in create'
  [1m[36mUser Create (1.8ms)[0m  [1m[32mINSERT INTO "users" ("name", "address", "age", "created_at", "updated_at") VALUES ($1, $2, $3, $4, $5) RETURNING "id"[0m  [["name", "ã‚"], ["address", "ã‚"], ["age", 2], ["created_at", "2022-09-04 04:50:08.280043"], ["updated_at", "2022-09-04 04:50:08.280043"]]
  â†³ app/controllers/users_controller.rb:27:in `block in create'
  [1m[36mTRANSACTION (0.5ms)[0m  [1m[35mCOMMIT[0m
  â†³ app/controllers/users_controller.rb:27:in `block in create'
Redirected to http://localhost:3000/users/2
Completed 302 Found in 14ms (ActiveRecord: 2.6ms | Allocations: 2357)


Started GET "/users/2" for ::1 at 2022-09-04 13:50:08 +0900
Processing by UsersController#show as TURBO_STREAM
  Parameters: {"id"=>"2"}
  [1m[36mUser Load (0.2ms)[0m  [1m[34mSELECT "users".* FROM "users" WHERE "users"."id" = $1 LIMIT $2[0m  [["id", 2], ["LIMIT", 1]]
  â†³ app/controllers/users_controller.rb:63:in `set_user'
  Rendering layout layouts/application.html.erb
  Rendering users/show.html.erb within layouts/application
  Rendered users/_user.html.erb (Duration: 0.1ms | Allocations: 25)
  Rendered users/show.html.erb within layouts/application (Duration: 1.8ms | Allocations: 629)
  Rendered layout layouts/application.html.erb (Duration: 5.5ms | Allocations: 2847)
Completed 200 OK in 8ms (Views: 6.1ms | ActiveRecord: 0.2ms | Allocations: 3688)


Started GET "/users/2/edit" for ::1 at 2022-09-04 13:50:15 +0900
Processing by UsersController#edit as HTML
  Parameters: {"id"=>"2"}
  [1m[36mUser Load (0.2ms)[0m  [1m[34mSELECT "users".* FROM "users" WHERE "users"."id" = $1 LIMIT $2[0m  [["id", 2], ["LIMIT", 1]]
  â†³ app/controllers/users_controller.rb:63:in `set_user'
  Rendering layout layouts/application.html.erb
  Rendering users/edit.html.erb within layouts/application
  Rendered users/_form.html.erb (Duration: 2.3ms | Allocations: 1345)
  Rendered users/edit.html.erb within layouts/application (Duration: 2.7ms | Allocations: 1485)
  Rendered layout layouts/application.html.erb (Duration: 6.1ms | Allocations: 3704)
Completed 200 OK in 11ms (Views: 6.8ms | ActiveRecord: 0.2ms | Allocations: 4542)


Started GET "/users" for ::1 at 2022-09-04 13:50:17 +0900
Processing by UsersController#index as HTML
  Rendering layout layouts/application.html.erb
  Rendering users/index.html.erb within layouts/application
  [1m[36mUser Load (0.6ms)[0m  [1m[34mSELECT "users".* FROM "users"[0m
  â†³ app/views/users/index.html.erb:6
  Rendered users/_user.html.erb (Duration: 0.3ms | Allocations: 25)
  Rendered users/index.html.erb within layouts/application (Duration: 8.1ms | Allocations: 960)
  Rendered layout layouts/application.html.erb (Duration: 14.7ms | Allocations: 3196)
Completed 200 OK in 18ms (Views: 15.5ms | ActiveRecord: 0.6ms | Allocations: 3536)


Started GET "/users/new" for ::1 at 2022-09-04 13:50:19 +0900
Processing by UsersController#new as HTML
  Rendering layout layouts/application.html.erb
  Rendering users/new.html.erb within layouts/application
  Rendered users/_form.html.erb (Duration: 11.3ms | Allocations: 1260)
  Rendered users/new.html.erb within layouts/application (Duration: 11.7ms | Allocations: 1364)
  Rendered layout layouts/application.html.erb (Duration: 23.0ms | Allocations: 3587)
Completed 200 OK in 25ms (Views: 24.0ms | ActiveRecord: 0.0ms | Allocations: 3930)


Started POST "/users" for ::1 at 2022-09-04 13:50:26 +0900
Processing by UsersController#create as TURBO_STREAM
  Parameters: {"authenticity_token"=>"[FILTERED]", "user"=>{"name"=>"ã‚f", "address"=>"fsd", "age"=>"-1"}, "commit"=>"Create User"}
  [1m[36mTRANSACTION (0.7ms)[0m  [1m[35mBEGIN[0m
  â†³ app/controllers/users_controller.rb:27:in `block in create'
  [1m[36mUser Create (0.8ms)[0m  [1m[32mINSERT INTO "users" ("name", "address", "age", "created_at", "updated_at") VALUES ($1, $2, $3, $4, $5) RETURNING "id"[0m  [["name", "ã‚f"], ["address", "fsd"], ["age", -1], ["created_at", "2022-09-04 04:50:26.325618"], ["updated_at", "2022-09-04 04:50:26.325618"]]
  â†³ app/controllers/users_controller.rb:27:in `block in create'
  [1m[36mTRANSACTION (0.3ms)[0m  [1m[35mCOMMIT[0m
  â†³ app/controllers/users_controller.rb:27:in `block in create'
Redirected to http://localhost:3000/users/3
Completed 302 Found in 23ms (ActiveRecord: 1.8ms | Allocations: 2354)


Started GET "/users/3" for ::1 at 2022-09-04 13:50:26 +0900
Processing by UsersController#show as TURBO_STREAM
  Parameters: {"id"=>"3"}
  [1m[36mUser Load (0.4ms)[0m  [1m[34mSELECT "users".* FROM "users" WHERE "users"."id" = $1 LIMIT $2[0m  [["id", 3], ["LIMIT", 1]]
  â†³ app/controllers/users_controller.rb:63:in `set_user'
  Rendering layout layouts/application.html.erb
  Rendering users/show.html.erb within layouts/application
  Rendered users/_user.html.erb (Duration: 0.1ms | Allocations: 25)
  Rendered users/show.html.erb within layouts/application (Duration: 1.5ms | Allocations: 608)
  Rendered layout layouts/application.html.erb (Duration: 15.9ms | Allocations: 2826)
Completed 200 OK in 19ms (Views: 16.4ms | ActiveRecord: 0.4ms | Allocations: 3669)


Started GET "/users" for ::1 at 2022-09-04 13:50:28 +0900
Processing by UsersController#index as HTML
  Rendering layout layouts/application.html.erb
  Rendering users/index.html.erb within layouts/application
  [1m[36mUser Load (0.6ms)[0m  [1m[34mSELECT "users".* FROM "users"[0m
  â†³ app/views/users/index.html.erb:6
  Rendered users/_user.html.erb (Duration: 0.1ms | Allocations: 25)
  Rendered users/_user.html.erb (Duration: 0.0ms | Allocations: 24)
  Rendered users/index.html.erb within layouts/application (Duration: 4.5ms | Allocations: 1095)
  Rendered layout layouts/application.html.erb (Duration: 7.9ms | Allocations: 3341)
Completed 200 OK in 10ms (Views: 8.3ms | ActiveRecord: 0.6ms | Allocations: 3681)


Started GET "/users/3" for ::1 at 2022-09-04 13:50:29 +0900
Processing by UsersController#show as HTML
  Parameters: {"id"=>"3"}
  [1m[36mUser Load (0.4ms)[0m  [1m[34mSELECT "users".* FROM "users" WHERE "users"."id" = $1 LIMIT $2[0m  [["id", 3], ["LIMIT", 1]]
  â†³ app/controllers/users_controller.rb:63:in `set_user'
  Rendering layout layouts/application.html.erb
  Rendering users/show.html.erb within layouts/application
  Rendered users/_user.html.erb (Duration: 0.3ms | Allocations: 25)
  Rendered users/show.html.erb within layouts/application (Duration: 2.2ms | Allocations: 616)
  Rendered layout layouts/application.html.erb (Duration: 6.0ms | Allocations: 2831)
Completed 200 OK in 14ms (Views: 7.6ms | ActiveRecord: 0.4ms | Allocations: 3669)


Started DELETE "/users/3" for ::1 at 2022-09-04 13:50:30 +0900
Processing by UsersController#destroy as TURBO_STREAM
  Parameters: {"authenticity_token"=>"[FILTERED]", "id"=>"3"}
  [1m[36mUser Load (0.5ms)[0m  [1m[34mSELECT "users".* FROM "users" WHERE "users"."id" = $1 LIMIT $2[0m  [["id", 3], ["LIMIT", 1]]
  â†³ app/controllers/users_controller.rb:63:in `set_user'
  [1m[36mTRANSACTION (0.6ms)[0m  [1m[35mBEGIN[0m
  â†³ app/controllers/users_controller.rb:52:in `destroy'
  [1m[36mUser Destroy (0.6ms)[0m  [1m[31mDELETE FROM "users" WHERE "users"."id" = $1[0m  [["id", 3]]
  â†³ app/controllers/users_controller.rb:52:in `destroy'
  [1m[36mTRANSACTION (0.5ms)[0m  [1m[35mCOMMIT[0m
  â†³ app/controllers/users_controller.rb:52:in `destroy'
Redirected to http://localhost:3000/users
Completed 302 Found in 12ms (ActiveRecord: 2.2ms | Allocations: 2448)


Started GET "/users" for ::1 at 2022-09-04 13:50:30 +0900
Processing by UsersController#index as TURBO_STREAM
  Rendering layout layouts/application.html.erb
  Rendering users/index.html.erb within layouts/application
  [1m[36mUser Load (0.4ms)[0m  [1m[34mSELECT "users".* FROM "users"[0m
  â†³ app/views/users/index.html.erb:6
  Rendered users/_user.html.erb (Duration: 0.1ms | Allocations: 25)
  Rendered users/index.html.erb within layouts/application (Duration: 2.3ms | Allocations: 979)
  Rendered layout layouts/application.html.erb (Duration: 6.0ms | Allocations: 3214)
Completed 200 OK in 7ms (Views: 6.1ms | ActiveRecord: 0.4ms | Allocations: 3557)


Started GET "/rest/information_messages?client=web" for ::1 at 2022-09-04 13:51:11 +0900
  
ActionController::RoutingError (No route matches [GET] "/rest/information_messages"):
  
Started GET "/rest/information_messages?client=web" for ::1 at 2022-09-04 13:52:21 +0900
  
ActionController::RoutingError (No route matches [GET] "/rest/information_messages"):
  
Started GET "/rest/information_messages?client=web" for ::1 at 2022-09-04 13:53:38 +0900
  
ActionController::RoutingError (No route matches [GET] "/rest/information_messages"):
  
Started GET "/rest/information_messages?client=web" for ::1 at 2022-09-04 13:55:01 +0900
  
ActionController::RoutingError (No route matches [GET] "/rest/information_messages"):
  
Started GET "/rest/information_messages?client=web" for ::1 at 2022-09-04 13:56:04 +0900
  
ActionController::RoutingError (No route matches [GET] "/rest/information_messages"):
  
Started GET "/rest/information_messages?client=web" for ::1 at 2022-09-04 13:57:09 +0900
  
ActionController::RoutingError (No route matches [GET] "/rest/information_messages"):
  
Started GET "/rest/information_messages?client=web" for ::1 at 2022-09-04 13:58:17 +0900
  
ActionController::RoutingError (No route matches [GET] "/rest/information_messages"):
  
Started OPTIONS "/rest/information_messages?client=web" for ::1 at 2022-09-04 13:58:47 +0900
  
ActionController::RoutingError (No route matches [OPTIONS] "/rest/information_messages"):
  
Started GET "/rest/information_messages?client=web" for ::1 at 2022-09-04 13:59:30 +0900
  
ActionController::RoutingError (No route matches [GET] "/rest/information_messages"):
  
Started GET "/rest/information_messages?client=web" for ::1 at 2022-09-04 14:00:54 +0900
  
ActionController::RoutingError (No route matches [GET] "/rest/information_messages"):
  
Started GET "/rest/information_messages?client=web" for ::1 at 2022-09-04 14:01:59 +0900
  
ActionController::RoutingError (No route matches [GET] "/rest/information_messages"):
  
Started GET "/users/new" for ::1 at 2022-09-04 14:06:04 +0900
  [1m[36mActiveRecord::SchemaMigration Pluck (0.9ms)[0m  [1m[34mSELECT "schema_migrations"."version" FROM "schema_migrations" ORDER BY "schema_migrations"."version" ASC[0m
Processing by UsersController#new as HTML
  Rendering layout layouts/application.html.erb
  Rendering users/new.html.erb within layouts/application
  Rendered users/_form.html.erb (Duration: 5.3ms | Allocations: 4311)
  Rendered users/new.html.erb within layouts/application (Duration: 6.3ms | Allocations: 5077)
  Rendered layout layouts/application.html.erb (Duration: 30.6ms | Allocations: 40285)
Completed 200 OK in 51ms (Views: 32.8ms | ActiveRecord: 10.1ms | Allocations: 52155)


Started GET "/rest/information_messages?client=web" for ::1 at 2022-09-04 14:06:07 +0900
  
ActionController::RoutingError (No route matches [GET] "/rest/information_messages"):
  
Started GET "/rest/information_messages?client=web" for ::1 at 2022-09-04 14:07:14 +0900
  
ActionController::RoutingError (No route matches [GET] "/rest/information_messages"):
  
Started GET "/rest/information_messages?client=web" for ::1 at 2022-09-04 14:08:27 +0900
  
ActionController::RoutingError (No route matches [GET] "/rest/information_messages"):
  
Started OPTIONS "/rest/information_messages?client=web" for ::1 at 2022-09-04 14:08:50 +0900
  
ActionController::RoutingError (No route matches [OPTIONS] "/rest/information_messages"):
  
Started GET "/rest/information_messages?client=web" for ::1 at 2022-09-04 14:09:44 +0900
  
ActionController::RoutingError (No route matches [GET] "/rest/information_messages"):
  
Started GET "/users/new" for ::1 at 2022-09-04 14:09:49 +0900
Processing by UsersController#new as HTML
  Rendering layout layouts/application.html.erb
  Rendering users/new.html.erb within layouts/application
  Rendered users/_form.html.erb (Duration: 5.9ms | Allocations: 1362)
  Rendered users/new.html.erb within layouts/application (Duration: 6.5ms | Allocations: 1467)
  Rendered layout layouts/application.html.erb (Duration: 11.0ms | Allocations: 3805)
Completed 200 OK in 15ms (Views: 12.3ms | ActiveRecord: 0.0ms | Allocations: 4199)


Started GET "/users/new" for ::1 at 2022-09-04 14:09:51 +0900
Processing by UsersController#new as HTML
  Rendering layout layouts/application.html.erb
  Rendering users/new.html.erb within layouts/application
  Rendered users/_form.html.erb (Duration: 3.5ms | Allocations: 1242)
  Rendered users/new.html.erb within layouts/application (Duration: 3.9ms | Allocations: 1346)
  Rendered layout layouts/application.html.erb (Duration: 7.0ms | Allocations: 3568)
Completed 200 OK in 11ms (Views: 8.9ms | ActiveRecord: 0.0ms | Allocations: 3913)


Started GET "/users/new" for ::1 at 2022-09-04 14:09:53 +0900
Processing by UsersController#new as HTML
  Rendering layout layouts/application.html.erb
  Rendering users/new.html.erb within layouts/application
  Rendered users/_form.html.erb (Duration: 3.6ms | Allocations: 1272)
  Rendered users/new.html.erb within layouts/application (Duration: 4.1ms | Allocations: 1376)
  Rendered layout layouts/application.html.erb (Duration: 7.4ms | Allocations: 3598)
Completed 200 OK in 10ms (Views: 8.5ms | ActiveRecord: 0.0ms | Allocations: 3938)


Started GET "/rest/information_messages?client=web" for ::1 at 2022-09-04 14:11:04 +0900
  
ActionController::RoutingError (No route matches [GET] "/rest/information_messages"):
  
Started GET "/rest/information_messages?client=web" for ::1 at 2022-09-04 14:12:09 +0900
  
ActionController::RoutingError (No route matches [GET] "/rest/information_messages"):
  
Started GET "/rest/information_messages?client=web" for ::1 at 2022-09-04 14:13:18 +0900
  
ActionController::RoutingError (No route matches [GET] "/rest/information_messages"):
  
Started GET "/rest/information_messages?client=web" for ::1 at 2022-09-04 14:14:33 +0900
  
ActionController::RoutingError (No route matches [GET] "/rest/information_messages"):
  
Started GET "/rest/information_messages?client=web" for ::1 at 2022-09-04 14:15:56 +0900
  
ActionController::RoutingError (No route matches [GET] "/rest/information_messages"):
  
Started GET "/rest/information_messages?client=web" for ::1 at 2022-09-04 14:17:01 +0900
  
ActionController::RoutingError (No route matches [GET] "/rest/information_messages"):
  
